P5 Printout for CS 3410
----------------------------------
Trace  		trace.1t.long.txt
Instruction Limit 	none
 *** Cache Configuration *** 
capacity   		32768 B
block_size 		   64 B
associativity 		1-way
n_set 			512
n_cache_line 	512
tag: 17, index: 9, offset: 6
Coherence Protocol: 	none
lru_on_invalidate_f: 	false
Processing trace...
1 0
Processed 100457 lines.
    *** Results for Core 0 ***
0.n_cpu_accesses 	100457
0.n_loads 		78301
0.n_stores 		22156
0.n_hits 		94082
0.n_misses 		6375
0.hit_rate 		93.65
0.miss_rate 		6.35
0.n_upgrade_miss 	515
0.n_bus_snoops 	0
0.n_snoop_hits 	0
0.n_writebacks 	6375
Memory Traffic:
0.B_written_bus_to_cache 	0
0.B_written_cache_to_bus_wb 	0
0.B_written_cache_to_bus_wt 	0
0.B_total_traffic_wb 	0
0.B_total_traffic_wt 	0
