P5 Printout for CS 3410
----------------------------------
Trace  		trace.1t.long.txt
Instruction Limit 	none
 *** Cache Configuration *** 
capacity   		262144 B
block_size 		   64 B
associativity 		4-way
n_set 			1024
n_cache_line 	4096
tag: 16, index: 10, offset: 6
Coherence Protocol: 	none
lru_on_invalidate_f: 	false
Processing trace...
1 0
Processed 100457 lines.
    *** Results for Core 0 ***
0.n_cpu_accesses 	100457
0.n_loads 		78301
0.n_stores 		22156
0.n_hits 		94846
0.n_misses 		5611
0.hit_rate 		94.41
0.miss_rate 		5.59
0.n_upgrade_miss 	279
0.n_bus_snoops 	0
0.n_snoop_hits 	0
0.n_writebacks 	5611
Memory Traffic:
0.B_written_bus_to_cache 	0
0.B_written_cache_to_bus_wb 	0
0.B_written_cache_to_bus_wt 	0
0.B_total_traffic_wb 	0
0.B_total_traffic_wt 	0
