P5 Printout for CS 3410
----------------------------------
Trace  		trace.2t.long.txt
Instruction Limit 	none
 *** Cache Configuration *** 
capacity   		65536 B
block_size 		  128 B
associativity 		4-way
n_set 			128
n_cache_line 	512
tag: 18, index: 7, offset: 7
Coherence Protocol: 	vi
lru_on_invalidate_f: 	false
Processing trace...
2 1
Processed 200429 lines.
    *** Results for Core 0 ***
0.n_cpu_accesses 	100457
0.n_loads 		78301
0.n_stores 		22156
0.n_hits 		89070
0.n_misses 		11387
0.hit_rate 		88.66
0.miss_rate 		11.34
0.n_upgrade_miss 	0
0.n_bus_snoops 	11106
0.n_snoop_hits 	6882
0.n_writebacks 	947
Memory Traffic:
0.B_written_bus_to_cache 	1457536
0.B_written_cache_to_bus_wb 	121216
0.B_written_cache_to_bus_wt 	88624
0.B_total_traffic_wb 	1578752
0.B_total_traffic_wt 	1546160
    *** Results for Core 1 ***
1.n_cpu_accesses 	99972
1.n_loads 		78017
1.n_stores 		21955
1.n_hits 		88866
1.n_misses 		11106
1.hit_rate 		88.89
1.miss_rate 		11.11
1.n_upgrade_miss 	0
1.n_bus_snoops 	11387
1.n_snoop_hits 	6947
1.n_writebacks 	908
Memory Traffic:
1.B_written_bus_to_cache 	1421568
1.B_written_cache_to_bus_wb 	116224
1.B_written_cache_to_bus_wt 	87820
1.B_total_traffic_wb 	1537792
1.B_total_traffic_wt 	1509388
