P5 Printout for CS 3410
----------------------------------
Trace  		trace.1t.long.txt
Instruction Limit 	none
 *** Cache Configuration *** 
capacity   		65536 B
block_size 		 8192 B
associativity 		4-way
n_set 			2
n_cache_line 	8
tag: 18, index: 1, offset: 13
Coherence Protocol: 	none
lru_on_invalidate_f: 	false
Processing trace...
1 0
Processed 100457 lines.
    *** Results for Core 0 ***
0.n_cpu_accesses 	100457
0.n_loads 		78301
0.n_stores 		22156
0.n_hits 		83255
0.n_misses 		17202
0.hit_rate 		82.88
0.miss_rate 		17.12
0.n_upgrade_miss 	0
0.n_bus_snoops 	0
0.n_snoop_hits 	0
0.n_writebacks 	4744
Memory Traffic:
0.B_written_bus_to_cache 	140918784
0.B_written_cache_to_bus_wb 	38862848
0.B_written_cache_to_bus_wt 	88624
0.B_total_traffic_wb 	179781632
0.B_total_traffic_wt 	141007408
P5 Printout for CS 3410
----------------------------------
Trace  		trace.1t.long.txt
Instruction Limit 	none
 *** Cache Configuration *** 
capacity   		65536 B
block_size 		 8192 B
associativity 		4-way
n_set 			2
n_cache_line 	8
tag: 18, index: 1, offset: 13
Coherence Protocol: 	none
lru_on_invalidate_f: 	false
Processing trace...
1 0
Processed 100457 lines.
    *** Results for Core 0 ***
0.n_cpu_accesses 	100457
0.n_loads 		78301
0.n_stores 		22156
0.n_hits 		83255
0.n_misses 		17202
0.hit_rate 		82.88
0.miss_rate 		17.12
0.n_upgrade_miss 	0
0.n_bus_snoops 	0
0.n_snoop_hits 	0
0.n_writebacks 	4744
Memory Traffic:
0.B_written_bus_to_cache 	140918784
0.B_written_cache_to_bus_wb 	38862848
0.B_written_cache_to_bus_wt 	88624
0.B_total_traffic_wb 	179781632
0.B_total_traffic_wt 	141007408
