P5 Printout for CS 3410
----------------------------------
Trace  		trace.1t.long.txt
Instruction Limit 	none
 *** Cache Configuration *** 
capacity   		131072 B
block_size 		   64 B
associativity 		1-way
n_set 			2048
n_cache_line 	2048
tag: 15, index: 11, offset: 6
Coherence Protocol: 	none
lru_on_invalidate_f: 	false
Processing trace...
1 0
Processed 100457 lines.
    *** Results for Core 0 ***
0.n_cpu_accesses 	100457
0.n_loads 		78301
0.n_stores 		22156
0.n_hits 		95170
0.n_misses 		5287
0.hit_rate 		94.74
0.miss_rate 		5.26
0.n_upgrade_miss 	0
0.n_bus_snoops 	0
0.n_snoop_hits 	0
0.n_writebacks 	5287
Memory Traffic:
0.B_written_bus_to_cache 	0
0.B_written_cache_to_bus_wb 	0
0.B_written_cache_to_bus_wt 	0
0.B_total_traffic_wb 	0
0.B_total_traffic_wt 	0
