P5 Printout for CS 3410
----------------------------------
Trace  		trace.2t.long.txt
Instruction Limit 	none
 *** Cache Configuration *** 
capacity   		65536 B
block_size 		   16 B
associativity 		4-way
n_set 			1024
n_cache_line 	4096
tag: 18, index: 10, offset: 4
Coherence Protocol: 	msi
lru_on_invalidate_f: 	false
Processing trace...
2 2
Processed 200429 lines.
    *** Results for Core 0 ***
0.n_cpu_accesses 	100457
0.n_loads 		78301
0.n_stores 		22156
0.n_hits 		91542
0.n_misses 		8915
0.hit_rate 		91.13
0.miss_rate 		8.87
0.n_upgrade_miss 	0
0.n_bus_snoops 	8898
0.n_snoop_hits 	66
0.n_writebacks 	59
Memory Traffic:
0.B_written_bus_to_cache 	142640
0.B_written_cache_to_bus_wb 	944
0.B_written_cache_to_bus_wt 	88624
0.B_total_traffic_wb 	143584
0.B_total_traffic_wt 	231264
    *** Results for Core 1 ***
1.n_cpu_accesses 	99972
1.n_loads 		78017
1.n_stores 		21955
1.n_hits 		91074
1.n_misses 		8898
1.hit_rate 		91.10
1.miss_rate 		8.90
1.n_upgrade_miss 	0
1.n_bus_snoops 	8915
1.n_snoop_hits 	189
1.n_writebacks 	175
Memory Traffic:
1.B_written_bus_to_cache 	142368
1.B_written_cache_to_bus_wb 	2800
1.B_written_cache_to_bus_wt 	87820
1.B_total_traffic_wb 	145168
1.B_total_traffic_wt 	230188
