P5 Printout for CS 3410
----------------------------------
Trace  		trace.2t.long.txt
Instruction Limit 	none
 *** Cache Configuration *** 
capacity   		65536 B
block_size 		    8 B
associativity 		4-way
n_set 			2048
n_cache_line 	8192
tag: 18, index: 11, offset: 3
Coherence Protocol: 	msi
lru_on_invalidate_f: 	false
Processing trace...
2 2
Processed 200429 lines.
    *** Results for Core 0 ***
0.n_cpu_accesses 	100457
0.n_loads 		78301
0.n_stores 		22156
0.n_hits 		87045
0.n_misses 		13412
0.hit_rate 		86.65
0.miss_rate 		13.35
0.n_upgrade_miss 	0
0.n_bus_snoops 	13983
0.n_snoop_hits 	110
0.n_writebacks 	100
Memory Traffic:
0.B_written_bus_to_cache 	107296
0.B_written_cache_to_bus_wb 	800
0.B_written_cache_to_bus_wt 	88624
0.B_total_traffic_wb 	108096
0.B_total_traffic_wt 	195920
    *** Results for Core 1 ***
1.n_cpu_accesses 	99972
1.n_loads 		78017
1.n_stores 		21955
1.n_hits 		85989
1.n_misses 		13983
1.hit_rate 		86.01
1.miss_rate 		13.99
1.n_upgrade_miss 	0
1.n_bus_snoops 	13412
1.n_snoop_hits 	314
1.n_writebacks 	288
Memory Traffic:
1.B_written_bus_to_cache 	111864
1.B_written_cache_to_bus_wb 	2304
1.B_written_cache_to_bus_wt 	87820
1.B_total_traffic_wb 	114168
1.B_total_traffic_wt 	199684
