P5 Printout for CS 3410
----------------------------------
Trace  		trace.1t.long.txt
Instruction Limit 	none
 *** Cache Configuration *** 
capacity   		524288 B
block_size 		   64 B
associativity 		1-way
n_set 			8192
n_cache_line 	8192
tag: 13, index: 13, offset: 6
Coherence Protocol: 	none
lru_on_invalidate_f: 	false
Processing trace...
1 0
Processed 100457 lines.
    *** Results for Core 0 ***
0.n_cpu_accesses 	100457
0.n_loads 		78301
0.n_stores 		22156
0.n_hits 		95604
0.n_misses 		4853
0.hit_rate 		95.17
0.miss_rate 		4.83
0.n_upgrade_miss 	0
0.n_bus_snoops 	0
0.n_snoop_hits 	0
0.n_writebacks 	198
Memory Traffic:
0.B_written_bus_to_cache 	310592
0.B_written_cache_to_bus_wb 	12672
0.B_written_cache_to_bus_wt 	88624
0.B_total_traffic_wb 	323264
0.B_total_traffic_wt 	399216
