P5 Printout for CS 3410
----------------------------------
Trace  		trace.2t.long.txt
Instruction Limit 	none
 *** Cache Configuration *** 
capacity   		65536 B
block_size 		 8192 B
associativity 		4-way
n_set 			2
n_cache_line 	8
tag: 18, index: 1, offset: 13
Coherence Protocol: 	msi
lru_on_invalidate_f: 	false
Processing trace...
2 2
Processed 200429 lines.
    *** Results for Core 0 ***
0.n_cpu_accesses 	100457
0.n_loads 		78301
0.n_stores 		22156
0.n_hits 		79400
0.n_misses 		21057
0.hit_rate 		79.04
0.miss_rate 		20.96
0.n_upgrade_miss 	0
0.n_bus_snoops 	19756
0.n_snoop_hits 	1210
0.n_writebacks 	1122
Memory Traffic:
0.B_written_bus_to_cache 	172498944
0.B_written_cache_to_bus_wb 	9191424
0.B_written_cache_to_bus_wt 	88624
0.B_total_traffic_wb 	181690368
0.B_total_traffic_wt 	172587568
    *** Results for Core 1 ***
1.n_cpu_accesses 	99972
1.n_loads 		78017
1.n_stores 		21955
1.n_hits 		80216
1.n_misses 		19756
1.hit_rate 		80.24
1.miss_rate 		19.76
1.n_upgrade_miss 	0
1.n_bus_snoops 	21057
1.n_snoop_hits 	1612
1.n_writebacks 	1429
Memory Traffic:
1.B_written_bus_to_cache 	161841152
1.B_written_cache_to_bus_wb 	11706368
1.B_written_cache_to_bus_wt 	87820
1.B_total_traffic_wb 	173547520
1.B_total_traffic_wt 	161928972
