P5 Printout for CS 3410
----------------------------------
Trace  		trace.2t.long.txt
Instruction Limit 	none
 *** Cache Configuration *** 
capacity   		65536 B
block_size 		   32 B
associativity 		4-way
n_set 			512
n_cache_line 	2048
tag: 18, index: 9, offset: 5
Coherence Protocol: 	msi
lru_on_invalidate_f: 	false
Processing trace...
2 2
Processed 200429 lines.
    *** Results for Core 0 ***
0.n_cpu_accesses 	100457
0.n_loads 		78301
0.n_stores 		22156
0.n_hits 		93755
0.n_misses 		6702
0.hit_rate 		93.33
0.miss_rate 		6.67
0.n_upgrade_miss 	0
0.n_bus_snoops 	6451
0.n_snoop_hits 	86
0.n_writebacks 	64
Memory Traffic:
0.B_written_bus_to_cache 	214464
0.B_written_cache_to_bus_wb 	2048
0.B_written_cache_to_bus_wt 	88624
0.B_total_traffic_wb 	216512
0.B_total_traffic_wt 	303088
    *** Results for Core 1 ***
1.n_cpu_accesses 	99972
1.n_loads 		78017
1.n_stores 		21955
1.n_hits 		93521
1.n_misses 		6451
1.hit_rate 		93.55
1.miss_rate 		6.45
1.n_upgrade_miss 	0
1.n_bus_snoops 	6702
1.n_snoop_hits 	98
1.n_writebacks 	88
Memory Traffic:
1.B_written_bus_to_cache 	206432
1.B_written_cache_to_bus_wb 	2816
1.B_written_cache_to_bus_wt 	87820
1.B_total_traffic_wb 	209248
1.B_total_traffic_wt 	294252
