P5 Printout for CS 3410
----------------------------------
Trace  		trace.2t.long.txt
Instruction Limit 	none
 *** Cache Configuration *** 
capacity   		65536 B
block_size 		  128 B
associativity 		4-way
n_set 			128
n_cache_line 	512
tag: 18, index: 7, offset: 7
Coherence Protocol: 	msi
lru_on_invalidate_f: 	false
Processing trace...
2 2
Processed 200429 lines.
    *** Results for Core 0 ***
0.n_cpu_accesses 	100457
0.n_loads 		78301
0.n_stores 		22156
0.n_hits 		95959
0.n_misses 		4498
0.hit_rate 		95.52
0.miss_rate 		4.48
0.n_upgrade_miss 	0
0.n_bus_snoops 	4164
0.n_snoop_hits 	241
0.n_writebacks 	197
Memory Traffic:
0.B_written_bus_to_cache 	575744
0.B_written_cache_to_bus_wb 	25216
0.B_written_cache_to_bus_wt 	88624
0.B_total_traffic_wb 	600960
0.B_total_traffic_wt 	664368
    *** Results for Core 1 ***
1.n_cpu_accesses 	99972
1.n_loads 		78017
1.n_stores 		21955
1.n_hits 		95808
1.n_misses 		4164
1.hit_rate 		95.83
1.miss_rate 		4.17
1.n_upgrade_miss 	0
1.n_bus_snoops 	4498
1.n_snoop_hits 	321
1.n_writebacks 	217
Memory Traffic:
1.B_written_bus_to_cache 	532992
1.B_written_cache_to_bus_wb 	27776
1.B_written_cache_to_bus_wt 	87820
1.B_total_traffic_wb 	560768
1.B_total_traffic_wt 	620812
