P5 Printout for CS 3410
----------------------------------
Trace  		trace.1t.long.txt
Instruction Limit 	none
 *** Cache Configuration *** 
capacity   		65536 B
block_size 		 2048 B
associativity 		4-way
n_set 			8
n_cache_line 	32
tag: 18, index: 3, offset: 11
Coherence Protocol: 	none
lru_on_invalidate_f: 	false
Processing trace...
1 0
Processed 100457 lines.
    *** Results for Core 0 ***
0.n_cpu_accesses 	100457
0.n_loads 		78301
0.n_stores 		22156
0.n_hits 		90658
0.n_misses 		9799
0.hit_rate 		90.25
0.miss_rate 		9.75
0.n_upgrade_miss 	0
0.n_bus_snoops 	0
0.n_snoop_hits 	0
0.n_writebacks 	1629
Memory Traffic:
0.B_written_bus_to_cache 	20068352
0.B_written_cache_to_bus_wb 	3336192
0.B_written_cache_to_bus_wt 	88624
0.B_total_traffic_wb 	23404544
0.B_total_traffic_wt 	20156976
P5 Printout for CS 3410
----------------------------------
Trace  		trace.1t.long.txt
Instruction Limit 	none
 *** Cache Configuration *** 
capacity   		65536 B
block_size 		 2048 B
associativity 		4-way
n_set 			8
n_cache_line 	32
tag: 18, index: 3, offset: 11
Coherence Protocol: 	none
lru_on_invalidate_f: 	false
Processing trace...
1 0
Processed 100457 lines.
    *** Results for Core 0 ***
0.n_cpu_accesses 	100457
0.n_loads 		78301
0.n_stores 		22156
0.n_hits 		90658
0.n_misses 		9799
0.hit_rate 		90.25
0.miss_rate 		9.75
0.n_upgrade_miss 	0
0.n_bus_snoops 	0
0.n_snoop_hits 	0
0.n_writebacks 	1629
Memory Traffic:
0.B_written_bus_to_cache 	20068352
0.B_written_cache_to_bus_wb 	3336192
0.B_written_cache_to_bus_wt 	88624
0.B_total_traffic_wb 	23404544
0.B_total_traffic_wt 	20156976
