P5 Printout for CS 3410
----------------------------------
Trace  		trace.1t.long.txt
Instruction Limit 	none
 *** Cache Configuration *** 
capacity   		65536 B
block_size 		    4 B
associativity 		4-way
n_set 			4096
n_cache_line 	16384
tag: 18, index: 12, offset: 2
Coherence Protocol: 	none
lru_on_invalidate_f: 	false
Processing trace...
1 0
Processed 100457 lines.
    *** Results for Core 0 ***
0.n_cpu_accesses 	100457
0.n_loads 		78301
0.n_stores 		22156
0.n_hits 		86262
0.n_misses 		14195
0.hit_rate 		85.87
0.miss_rate 		14.13
0.n_upgrade_miss 	0
0.n_bus_snoops 	0
0.n_snoop_hits 	0
0.n_writebacks 	3010
Memory Traffic:
0.B_written_bus_to_cache 	56780
0.B_written_cache_to_bus_wb 	12040
0.B_written_cache_to_bus_wt 	88624
0.B_total_traffic_wb 	68820
0.B_total_traffic_wt 	145404
P5 Printout for CS 3410
----------------------------------
Trace  		trace.1t.long.txt
Instruction Limit 	none
 *** Cache Configuration *** 
capacity   		65536 B
block_size 		    4 B
associativity 		4-way
n_set 			4096
n_cache_line 	16384
tag: 18, index: 12, offset: 2
Coherence Protocol: 	none
lru_on_invalidate_f: 	false
Processing trace...
1 0
Processed 100457 lines.
    *** Results for Core 0 ***
0.n_cpu_accesses 	100457
0.n_loads 		78301
0.n_stores 		22156
0.n_hits 		86262
0.n_misses 		14195
0.hit_rate 		85.87
0.miss_rate 		14.13
0.n_upgrade_miss 	0
0.n_bus_snoops 	0
0.n_snoop_hits 	0
0.n_writebacks 	3010
Memory Traffic:
0.B_written_bus_to_cache 	56780
0.B_written_cache_to_bus_wb 	12040
0.B_written_cache_to_bus_wt 	88624
0.B_total_traffic_wb 	68820
0.B_total_traffic_wt 	145404
