P5 Printout for CS 3410
----------------------------------
Trace  		trace.1t.long.txt
Instruction Limit 	none
 *** Cache Configuration *** 
capacity   		16384 B
block_size 		   64 B
associativity 		2-way
n_set 			128
n_cache_line 	256
tag: 19, index: 7, offset: 6
Coherence Protocol: 	none
lru_on_invalidate_f: 	false
Processing trace...
1 0
Processed 100457 lines.
    *** Results for Core 0 ***
0.n_cpu_accesses 	100457
0.n_loads 		78301
0.n_stores 		22156
0.n_hits 		94057
0.n_misses 		6400
0.hit_rate 		93.63
0.miss_rate 		6.37
0.n_upgrade_miss 	0
0.n_bus_snoops 	0
0.n_snoop_hits 	0
0.n_writebacks 	1194
Memory Traffic:
0.B_written_bus_to_cache 	409600
0.B_written_cache_to_bus_wb 	76416
0.B_written_cache_to_bus_wt 	0
0.B_total_traffic_wb 	486016
0.B_total_traffic_wt 	0
