P5 Printout for CS 3410
----------------------------------
Trace  		trace.1t.long.txt
Instruction Limit 	none
 *** Cache Configuration *** 
capacity   		 4096 B
block_size 		   64 B
associativity 		4-way
n_set 			16
n_cache_line 	64
tag: 22, index: 4, offset: 6
Coherence Protocol: 	none
lru_on_invalidate_f: 	false
Processing trace...
1 0
Processed 100457 lines.
    *** Results for Core 0 ***
0.n_cpu_accesses 	100457
0.n_loads 		78301
0.n_stores 		22156
0.n_hits 		88078
0.n_misses 		12379
0.hit_rate 		87.68
0.miss_rate 		12.32
0.n_upgrade_miss 	0
0.n_bus_snoops 	0
0.n_snoop_hits 	0
0.n_writebacks 	2076
Memory Traffic:
0.B_written_bus_to_cache 	792256
0.B_written_cache_to_bus_wb 	132864
0.B_written_cache_to_bus_wt 	0
0.B_total_traffic_wb 	925120
0.B_total_traffic_wt 	0
