P5 Printout for CS 3410
----------------------------------
Trace  		trace.1t.long.txt
Instruction Limit 	none
 *** Cache Configuration *** 
capacity   		262144 B
block_size 		   64 B
associativity 		2-way
n_set 			2048
n_cache_line 	4096
tag: 15, index: 11, offset: 6
Coherence Protocol: 	none
lru_on_invalidate_f: 	false
Processing trace...
1 0
Processed 100457 lines.
    *** Results for Core 0 ***
0.n_cpu_accesses 	100457
0.n_loads 		78301
0.n_stores 		22156
0.n_hits 		95661
0.n_misses 		4796
0.hit_rate 		95.23
0.miss_rate 		4.77
0.n_upgrade_miss 	0
0.n_bus_snoops 	0
0.n_snoop_hits 	0
0.n_writebacks 	264
Memory Traffic:
0.B_written_bus_to_cache 	306944
0.B_written_cache_to_bus_wb 	16896
0.B_written_cache_to_bus_wt 	0
0.B_total_traffic_wb 	323840
0.B_total_traffic_wt 	0
