P5 Printout for CS 3410
----------------------------------
Trace  		trace.2t.long.txt
Instruction Limit 	none
 *** Cache Configuration *** 
capacity   		65536 B
block_size 		    4 B
associativity 		4-way
n_set 			4096
n_cache_line 	16384
tag: 18, index: 12, offset: 2
Coherence Protocol: 	vi
lru_on_invalidate_f: 	false
Processing trace...
2 1
Processed 200429 lines.
    *** Results for Core 0 ***
0.n_cpu_accesses 	100457
0.n_loads 		78301
0.n_stores 		22156
0.n_hits 		75621
0.n_misses 		24836
0.hit_rate 		75.28
0.miss_rate 		24.72
0.n_upgrade_miss 	0
0.n_bus_snoops 	24626
0.n_snoop_hits 	10795
0.n_writebacks 	3090
Memory Traffic:
0.B_written_bus_to_cache 	99344
0.B_written_cache_to_bus_wb 	12360
0.B_written_cache_to_bus_wt 	88624
0.B_total_traffic_wb 	111704
0.B_total_traffic_wt 	187968
    *** Results for Core 1 ***
1.n_cpu_accesses 	99972
1.n_loads 		78017
1.n_stores 		21955
1.n_hits 		75346
1.n_misses 		24626
1.hit_rate 		75.37
1.miss_rate 		24.63
1.n_upgrade_miss 	0
1.n_bus_snoops 	24836
1.n_snoop_hits 	13502
1.n_writebacks 	3119
Memory Traffic:
1.B_written_bus_to_cache 	98504
1.B_written_cache_to_bus_wb 	12476
1.B_written_cache_to_bus_wt 	87820
1.B_total_traffic_wb 	110980
1.B_total_traffic_wt 	186324
