P5 Printout for CS 3410
----------------------------------
Trace  		trace.2t.long.txt
Instruction Limit 	none
 *** Cache Configuration *** 
capacity   		65536 B
block_size 		  512 B
associativity 		4-way
n_set 			32
n_cache_line 	128
tag: 18, index: 5, offset: 9
Coherence Protocol: 	vi
lru_on_invalidate_f: 	false
Processing trace...
2 1
Processed 200429 lines.
    *** Results for Core 0 ***
0.n_cpu_accesses 	100457
0.n_loads 		78301
0.n_stores 		22156
0.n_hits 		89888
0.n_misses 		10569
0.hit_rate 		89.48
0.miss_rate 		10.52
0.n_upgrade_miss 	0
0.n_bus_snoops 	10415
0.n_snoop_hits 	6774
0.n_writebacks 	846
Memory Traffic:
0.B_written_bus_to_cache 	5411328
0.B_written_cache_to_bus_wb 	433152
0.B_written_cache_to_bus_wt 	88624
0.B_total_traffic_wb 	5844480
0.B_total_traffic_wt 	5499952
    *** Results for Core 1 ***
1.n_cpu_accesses 	99972
1.n_loads 		78017
1.n_stores 		21955
1.n_hits 		89557
1.n_misses 		10415
1.hit_rate 		89.58
1.miss_rate 		10.42
1.n_upgrade_miss 	0
1.n_bus_snoops 	10569
1.n_snoop_hits 	6856
1.n_writebacks 	909
Memory Traffic:
1.B_written_bus_to_cache 	5332480
1.B_written_cache_to_bus_wb 	465408
1.B_written_cache_to_bus_wt 	87820
1.B_total_traffic_wb 	5797888
1.B_total_traffic_wt 	5420300
