P5 Printout for CS 3410
----------------------------------
Trace  		trace.2t.long.txt
Instruction Limit 	none
 *** Cache Configuration *** 
capacity   		65536 B
block_size 		 1024 B
associativity 		4-way
n_set 			16
n_cache_line 	64
tag: 18, index: 4, offset: 10
Coherence Protocol: 	none
lru_on_invalidate_f: 	false
Processing trace...
2 0
Processed 200429 lines.
    *** Results for Core 0 ***
0.n_cpu_accesses 	106478
0.n_loads 		84322
0.n_stores 		22156
0.n_hits 		95360
0.n_misses 		11118
0.hit_rate 		89.56
0.miss_rate 		10.44
0.n_upgrade_miss 	0
0.n_bus_snoops 	6021
0.n_snoop_hits 	1373
0.n_writebacks 	1564
Memory Traffic:
0.B_written_bus_to_cache 	11384832
0.B_written_cache_to_bus_wb 	1601536
0.B_written_cache_to_bus_wt 	88624
0.B_total_traffic_wb 	12986368
0.B_total_traffic_wt 	11473456
    *** Results for Core 1 ***
1.n_cpu_accesses 	106442
1.n_loads 		84487
1.n_stores 		21955
1.n_hits 		95547
1.n_misses 		10895
1.hit_rate 		89.76
1.miss_rate 		10.24
1.n_upgrade_miss 	0
1.n_bus_snoops 	6470
1.n_snoop_hits 	1596
1.n_writebacks 	1957
Memory Traffic:
1.B_written_bus_to_cache 	11156480
1.B_written_cache_to_bus_wb 	2003968
1.B_written_cache_to_bus_wt 	87820
1.B_total_traffic_wb 	13160448
1.B_total_traffic_wt 	11244300
