P5 Printout for CS 3410
----------------------------------
Trace  		trace.2t.long.txt
Instruction Limit 	none
 *** Cache Configuration *** 
capacity   		65536 B
block_size 		   16 B
associativity 		4-way
n_set 			1024
n_cache_line 	4096
tag: 18, index: 10, offset: 4
Coherence Protocol: 	none
lru_on_invalidate_f: 	false
Processing trace...
2 0
Processed 200429 lines.
    *** Results for Core 0 ***
0.n_cpu_accesses 	109355
0.n_loads 		87199
0.n_stores 		22156
0.n_hits 		91608
0.n_misses 		17747
0.hit_rate 		83.77
0.miss_rate 		16.23
0.n_upgrade_miss 	0
0.n_bus_snoops 	8898
0.n_snoop_hits 	66
0.n_writebacks 	4350
Memory Traffic:
0.B_written_bus_to_cache 	283952
0.B_written_cache_to_bus_wb 	69600
0.B_written_cache_to_bus_wt 	88624
0.B_total_traffic_wb 	353552
0.B_total_traffic_wt 	372576
    *** Results for Core 1 ***
1.n_cpu_accesses 	108887
1.n_loads 		86932
1.n_stores 		21955
1.n_hits 		91263
1.n_misses 		17624
1.hit_rate 		83.81
1.miss_rate 		16.19
1.n_upgrade_miss 	0
1.n_bus_snoops 	8915
1.n_snoop_hits 	189
1.n_writebacks 	4234
Memory Traffic:
1.B_written_bus_to_cache 	281984
1.B_written_cache_to_bus_wb 	67744
1.B_written_cache_to_bus_wt 	87820
1.B_total_traffic_wb 	349728
1.B_total_traffic_wt 	369804
