P5 Printout for CS 3410
----------------------------------
Trace  		trace.2t.long.txt
Instruction Limit 	none
 *** Cache Configuration *** 
capacity   		65536 B
block_size 		  128 B
associativity 		4-way
n_set 			128
n_cache_line 	512
tag: 18, index: 7, offset: 7
Coherence Protocol: 	none
lru_on_invalidate_f: 	false
Processing trace...
2 0
Processed 200429 lines.
    *** Results for Core 0 ***
0.n_cpu_accesses 	104461
0.n_loads 		82305
0.n_stores 		22156
0.n_hits 		96334
0.n_misses 		8127
0.hit_rate 		92.22
0.miss_rate 		7.78
0.n_upgrade_miss 	0
0.n_bus_snoops 	4004
0.n_snoop_hits 	200
0.n_writebacks 	1101
Memory Traffic:
0.B_written_bus_to_cache 	1040256
0.B_written_cache_to_bus_wb 	140928
0.B_written_cache_to_bus_wt 	88624
0.B_total_traffic_wb 	1181184
0.B_total_traffic_wt 	1128880
    *** Results for Core 1 ***
1.n_cpu_accesses 	104295
1.n_loads 		82340
1.n_stores 		21955
1.n_hits 		96234
1.n_misses 		8061
1.hit_rate 		92.27
1.miss_rate 		7.73
1.n_upgrade_miss 	0
1.n_bus_snoops 	4323
1.n_snoop_hits 	266
1.n_writebacks 	1080
Memory Traffic:
1.B_written_bus_to_cache 	1031808
1.B_written_cache_to_bus_wb 	138240
1.B_written_cache_to_bus_wt 	87820
1.B_total_traffic_wb 	1170048
1.B_total_traffic_wt 	1119628
