P5 Printout for CS 3410
----------------------------------
Trace  		trace.2t.long.txt
Instruction Limit 	none
 *** Cache Configuration *** 
capacity   		65536 B
block_size 		    4 B
associativity 		4-way
n_set 			4096
n_cache_line 	16384
tag: 18, index: 12, offset: 2
Coherence Protocol: 	none
lru_on_invalidate_f: 	false
Processing trace...
2 0
Processed 200429 lines.
    *** Results for Core 0 ***
0.n_cpu_accesses 	114452
0.n_loads 		92296
0.n_stores 		22156
0.n_hits 		87141
0.n_misses 		27311
0.hit_rate 		76.14
0.miss_rate 		23.86
0.n_upgrade_miss 	0
0.n_bus_snoops 	13995
0.n_snoop_hits 	107
0.n_writebacks 	7146
Memory Traffic:
0.B_written_bus_to_cache 	109244
0.B_written_cache_to_bus_wb 	28584
0.B_written_cache_to_bus_wt 	88624
0.B_total_traffic_wb 	137828
0.B_total_traffic_wt 	197868
    *** Results for Core 1 ***
1.n_cpu_accesses 	113395
1.n_loads 		91440
1.n_stores 		21955
1.n_hits 		86287
1.n_misses 		27108
1.hit_rate 		76.09
1.miss_rate 		23.91
1.n_upgrade_miss 	0
1.n_bus_snoops 	13423
1.n_snoop_hits 	310
1.n_writebacks 	6701
Memory Traffic:
1.B_written_bus_to_cache 	108432
1.B_written_cache_to_bus_wb 	26804
1.B_written_cache_to_bus_wt 	87820
1.B_total_traffic_wb 	135236
1.B_total_traffic_wt 	196252
