P5 Printout for CS 3410
----------------------------------
Trace  		trace.2t.long.txt
Instruction Limit 	none
 *** Cache Configuration *** 
capacity   		65536 B
block_size 		 2048 B
associativity 		4-way
n_set 			8
n_cache_line 	32
tag: 18, index: 3, offset: 11
Coherence Protocol: 	none
lru_on_invalidate_f: 	false
Processing trace...
2 0
Processed 200429 lines.
    *** Results for Core 0 ***
0.n_cpu_accesses 	100457
0.n_loads 		78301
0.n_stores 		22156
0.n_hits 		87900
0.n_misses 		12557
0.hit_rate 		87.50
0.miss_rate 		12.50
0.n_upgrade_miss 	0
0.n_bus_snoops 	12651
0.n_snoop_hits 	4993
0.n_writebacks 	1915
Memory Traffic:
0.B_written_bus_to_cache 	25716736
0.B_written_cache_to_bus_wb 	3921920
0.B_written_cache_to_bus_wt 	88624
0.B_total_traffic_wb 	29638656
0.B_total_traffic_wt 	25805360
    *** Results for Core 1 ***
1.n_cpu_accesses 	99972
1.n_loads 		78017
1.n_stores 		21955
1.n_hits 		87321
1.n_misses 		12651
1.hit_rate 		87.35
1.miss_rate 		12.65
1.n_upgrade_miss 	0
1.n_bus_snoops 	12557
1.n_snoop_hits 	5183
1.n_writebacks 	2035
Memory Traffic:
1.B_written_bus_to_cache 	25909248
1.B_written_cache_to_bus_wb 	4167680
1.B_written_cache_to_bus_wt 	87820
1.B_total_traffic_wb 	30076928
1.B_total_traffic_wt 	25997068
