P5 Printout for CS 3410
----------------------------------
Trace  		trace.1t.long.txt
Instruction Limit 	none
 *** Cache Configuration *** 
capacity   		65536 B
block_size 		16384 B
associativity 		fully
n_set 			1
n_cache_line 	4
tag: 18, index: 0, offset: 14
Coherence Protocol: 	none
lru_on_invalidate_f: 	false
Processing trace...
1 0
Processed 100457 lines.
    *** Results for Core 0 ***
0.n_cpu_accesses 	100457
0.n_loads 		78301
0.n_stores 		22156
0.n_hits 		79234
0.n_misses 		21223
0.hit_rate 		78.87
0.miss_rate 		21.13
0.n_upgrade_miss 	0
0.n_bus_snoops 	0
0.n_snoop_hits 	0
0.n_writebacks 	5921
Memory Traffic:
0.B_written_bus_to_cache 	347717632
0.B_written_cache_to_bus_wb 	97009664
0.B_written_cache_to_bus_wt 	88624
0.B_total_traffic_wb 	444727296
0.B_total_traffic_wt 	347806256
