P5 Printout for CS 3410
----------------------------------
Trace  		trace.2t.long.txt
Instruction Limit 	none
 *** Cache Configuration *** 
capacity   		65536 B
block_size 		  256 B
associativity 		4-way
n_set 			64
n_cache_line 	256
tag: 18, index: 6, offset: 8
Coherence Protocol: 	none
lru_on_invalidate_f: 	false
Processing trace...
2 0
Processed 200429 lines.
    *** Results for Core 0 ***
0.n_cpu_accesses 	100457
0.n_loads 		78301
0.n_stores 		22156
0.n_hits 		89013
0.n_misses 		11444
0.hit_rate 		88.61
0.miss_rate 		11.39
0.n_upgrade_miss 	0
0.n_bus_snoops 	11217
0.n_snoop_hits 	7377
0.n_writebacks 	1221
Memory Traffic:
0.B_written_bus_to_cache 	2929664
0.B_written_cache_to_bus_wb 	312576
0.B_written_cache_to_bus_wt 	88624
0.B_total_traffic_wb 	3242240
0.B_total_traffic_wt 	3018288
    *** Results for Core 1 ***
1.n_cpu_accesses 	99972
1.n_loads 		78017
1.n_stores 		21955
1.n_hits 		88755
1.n_misses 		11217
1.hit_rate 		88.78
1.miss_rate 		11.22
1.n_upgrade_miss 	0
1.n_bus_snoops 	11444
1.n_snoop_hits 	7461
1.n_writebacks 	1197
Memory Traffic:
1.B_written_bus_to_cache 	2871552
1.B_written_cache_to_bus_wb 	306432
1.B_written_cache_to_bus_wt 	87820
1.B_total_traffic_wb 	3177984
1.B_total_traffic_wt 	2959372
