P5 Printout for CS 3410
----------------------------------
Trace  		trace.2t.long.txt
Instruction Limit 	none
 *** Cache Configuration *** 
capacity   		65536 B
block_size 		16384 B
associativity 		fully
n_set 			1
n_cache_line 	4
tag: 18, index: 0, offset: 14
Coherence Protocol: 	none
lru_on_invalidate_f: 	false
Processing trace...
2 0
Processed 200429 lines.
    *** Results for Core 0 ***
0.n_cpu_accesses 	100457
0.n_loads 		78301
0.n_stores 		22156
0.n_hits 		78768
0.n_misses 		21689
0.hit_rate 		78.41
0.miss_rate 		21.59
0.n_upgrade_miss 	0
0.n_bus_snoops 	20254
0.n_snoop_hits 	1068
0.n_writebacks 	5956
Memory Traffic:
0.B_written_bus_to_cache 	355352576
0.B_written_cache_to_bus_wb 	97583104
0.B_written_cache_to_bus_wt 	88624
0.B_total_traffic_wb 	452935680
0.B_total_traffic_wt 	355441200
    *** Results for Core 1 ***
1.n_cpu_accesses 	99972
1.n_loads 		78017
1.n_stores 		21955
1.n_hits 		79718
1.n_misses 		20254
1.hit_rate 		79.74
1.miss_rate 		20.26
1.n_upgrade_miss 	0
1.n_bus_snoops 	21689
1.n_snoop_hits 	1029
1.n_writebacks 	5472
Memory Traffic:
1.B_written_bus_to_cache 	331841536
1.B_written_cache_to_bus_wb 	89653248
1.B_written_cache_to_bus_wt 	87820
1.B_total_traffic_wb 	421494784
1.B_total_traffic_wt 	331929356
