P5 Printout for CS 3410
----------------------------------
Trace  		trace.2t.long.txt
Instruction Limit 	none
 *** Cache Configuration *** 
capacity   		65536 B
block_size 		  512 B
associativity 		4-way
n_set 			32
n_cache_line 	128
tag: 18, index: 5, offset: 9
Coherence Protocol: 	none
lru_on_invalidate_f: 	false
Processing trace...
2 0
Processed 200429 lines.
    *** Results for Core 0 ***
0.n_cpu_accesses 	104660
0.n_loads 		82504
0.n_stores 		22156
0.n_hits 		96582
0.n_misses 		8078
0.hit_rate 		92.28
0.miss_rate 		7.72
0.n_upgrade_miss 	0
0.n_bus_snoops 	4203
0.n_snoop_hits 	617
0.n_writebacks 	765
Memory Traffic:
0.B_written_bus_to_cache 	4135936
0.B_written_cache_to_bus_wb 	391680
0.B_written_cache_to_bus_wt 	88624
0.B_total_traffic_wb 	4527616
0.B_total_traffic_wt 	4224560
    *** Results for Core 1 ***
1.n_cpu_accesses 	104464
1.n_loads 		82509
1.n_stores 		21955
1.n_hits 		96439
1.n_misses 		8025
1.hit_rate 		92.32
1.miss_rate 		7.68
1.n_upgrade_miss 	0
1.n_bus_snoops 	4492
1.n_snoop_hits 	670
1.n_writebacks 	1047
Memory Traffic:
1.B_written_bus_to_cache 	4108800
1.B_written_cache_to_bus_wb 	536064
1.B_written_cache_to_bus_wt 	87820
1.B_total_traffic_wb 	4644864
1.B_total_traffic_wt 	4196620
