P5 Printout for CS 3410
----------------------------------
Trace  		trace.1t.long.txt
Instruction Limit 	none
 *** Cache Configuration *** 
capacity   		 2048 B
block_size 		   64 B
associativity 		2-way
n_set 			16
n_cache_line 	32
tag: 22, index: 4, offset: 6
Coherence Protocol: 	none
lru_on_invalidate_f: 	false
Processing trace...
1 0
Processed 100457 lines.
    *** Results for Core 0 ***
0.n_cpu_accesses 	100457
0.n_loads 		78301
0.n_stores 		22156
0.n_hits 		79940
0.n_misses 		20517
0.hit_rate 		79.58
0.miss_rate 		20.42
0.n_upgrade_miss 	0
0.n_bus_snoops 	0
0.n_snoop_hits 	0
0.n_writebacks 	3907
Memory Traffic:
0.B_written_bus_to_cache 	1313088
0.B_written_cache_to_bus_wb 	250048
0.B_written_cache_to_bus_wt 	88624
0.B_total_traffic_wb 	1563136
0.B_total_traffic_wt 	1401712
