P5 Printout for CS 3410
----------------------------------
Trace  		trace.1t.long.txt
Instruction Limit 	none
 *** Cache Configuration *** 
capacity   		32768 B
block_size 		   64 B
associativity 		4-way
n_set 			128
n_cache_line 	512
tag: 19, index: 7, offset: 6
Coherence Protocol: 	none
lru_on_invalidate_f: 	false
Processing trace...
1 0
Processed 100457 lines.
    *** Results for Core 0 ***
0.n_cpu_accesses 	100457
0.n_loads 		78301
0.n_stores 		22156
0.n_hits 		94975
0.n_misses 		5482
0.hit_rate 		94.54
0.miss_rate 		5.46
0.n_upgrade_miss 	0
0.n_bus_snoops 	0
0.n_snoop_hits 	0
0.n_writebacks 	996
Memory Traffic:
0.B_written_bus_to_cache 	350848
0.B_written_cache_to_bus_wb 	63744
0.B_written_cache_to_bus_wt 	88624
0.B_total_traffic_wb 	414592
0.B_total_traffic_wt 	439472
